[   51.693200] KTAP version 1
[   51.693250] 1..1
[   51.693273]     KTAP version 1
[   51.693286]     # Subtest: linear-ranges-test
[   51.693302]     # module: test_linear_ranges
[   51.693317]     1..4
[   51.699069]     ok 1 range_test_get_value_amount
[   51.700196]     ok 2 range_test_get_selector_high
[   51.700939]     ok 3 range_test_get_selector_low
[   51.701129]     # range_test_get_value: EXPECTATION FAILED at lib/test_linear_ranges.c:122
                   Expected -22 == ret, but
                       ret == 0 (0x0)
[   51.701171]     # range_test_get_value: EXPECTATION FAILED at lib/test_linear_ranges.c:122
                   Expected -22 == ret, but
                       ret == 0 (0x0)
[   51.701200]     # range_test_get_value: EXPECTATION FAILED at lib/test_linear_ranges.c:122
                   Expected -22 == ret, but
                       ret == 0 (0x0)
[   51.701228]     # range_test_get_value: EXPECTATION FAILED at lib/test_linear_ranges.c:122
                   Expected -22 == ret, but
                       ret == 0 (0x0)
[   51.701256]     # range_test_get_value: EXPECTATION FAILED at lib/test_linear_ranges.c:122
                   Expected -22 == ret, but
                       ret == 0 (0x0)
[   51.701285]     # range_test_get_value: EXPECTATION FAILED at lib/test_linear_ranges.c:128
                   Expected -22 == ret, but
                       ret == 0 (0x0)
[   51.701313]     # range_test_get_value: EXPECTATION FAILED at lib/test_linear_ranges.c:128
                   Expected -22 == ret, but
                       ret == 0 (0x0)
[   51.701341]     # range_test_get_value: EXPECTATION FAILED at lib/test_linear_ranges.c:128
                   Expected -22 == ret, but
                       ret == 0 (0x0)
[   51.701369]     # range_test_get_value: EXPECTATION FAILED at lib/test_linear_ranges.c:128
                   Expected -22 == ret, but
                       ret == 0 (0x0)
[   51.701614]     not ok 4 range_test_get_value
[   51.701635] # linear-ranges-test: pass:3 fail:1 skip:0 total:4
[   51.701648] # Totals: pass:3 fail:1 skip:0 total:4
[   51.701661] not ok 1 linear-ranges-test
