[   51.475902] KTAP version 1
[   51.475953] 1..1
[   51.475975]     KTAP version 1
[   51.475988]     # Subtest: linear-ranges-test
[   51.476005]     # module: test_linear_ranges
[   51.476020]     1..4
[   51.476888]     ok 1 range_test_get_value_amount
[   51.477357]     ok 2 range_test_get_selector_high
[   51.477835]     ok 3 range_test_get_selector_low
[   51.478054]     # range_test_get_value: EXPECTATION FAILED at lib/test_linear_ranges.c:122
                   Expected -22 == ret, but
                       ret == 0 (0x0)
[   51.478104]     # range_test_get_value: EXPECTATION FAILED at lib/test_linear_ranges.c:122
                   Expected -22 == ret, but
                       ret == 0 (0x0)
[   51.478140]     # range_test_get_value: EXPECTATION FAILED at lib/test_linear_ranges.c:122
                   Expected -22 == ret, but
                       ret == 0 (0x0)
[   51.478175]     # range_test_get_value: EXPECTATION FAILED at lib/test_linear_ranges.c:122
                   Expected -22 == ret, but
                       ret == 0 (0x0)
[   51.478210]     # range_test_get_value: EXPECTATION FAILED at lib/test_linear_ranges.c:122
                   Expected -22 == ret, but
                       ret == 0 (0x0)
[   51.478245]     # range_test_get_value: EXPECTATION FAILED at lib/test_linear_ranges.c:128
                   Expected -22 == ret, but
                       ret == 0 (0x0)
[   51.478280]     # range_test_get_value: EXPECTATION FAILED at lib/test_linear_ranges.c:128
                   Expected -22 == ret, but
                       ret == 0 (0x0)
[   51.478314]     # range_test_get_value: EXPECTATION FAILED at lib/test_linear_ranges.c:128
                   Expected -22 == ret, but
                       ret == 0 (0x0)
[   51.478349]     # range_test_get_value: EXPECTATION FAILED at lib/test_linear_ranges.c:128
                   Expected -22 == ret, but
                       ret == 0 (0x0)
[   51.478645]     not ok 4 range_test_get_value
[   51.478672] # linear-ranges-test: pass:3 fail:1 skip:0 total:4
[   51.478688] # Totals: pass:3 fail:1 skip:0 total:4
[   51.478702] not ok 1 linear-ranges-test
